[    0.00000]Intiliing cgoup susycpet
[  000000] Intiliin cgrupubys cu   0.00000] italiznggrup ssycpacct
[   00000]Lix ersion4.0-6-geer (buldd@gw-a64-021(g vrson.4 20106 (untu5.0-bunt1~.09) )#1-UuntuSMMo Feb121:3: U 2018 (Uunu .4.0-16.140-generic 4.4.98)
[    0.000000] Command line: BOOT_MAGE=/oot/vmlinuz-4.4.0-116-generic root=LABEL=cloudimg-rootfs ro console=tty1 console=ttyS0
[    0.000000] KERNEL supported cpus:
[    0.000000]   Intel GenuineIntel
[    0000000]   AMD AuthenticMD
[    0.000000]   Centaur CentaurHauls
[    0.000000] x86/fpu: xstate_offset[2]:  576, xstate_sizes[2]:  256
[    0.000000] x86/fpu: Supporting XSAVE feature 0x01: 'x87 floating point registers'
[    0.000000] x86/fpu: Supporting XSAVE feature 0x02: 'SSE registers'
[    0.000000] x86/fpu: Supporting XSAVE feature 0x04: 'AVX registers'
[    0.000000] x86/fpu: Enabled xstate features 0x7, context size is 832 bytes, using 'standard' format.
[    0.000000] x86/fpu: Using 'lazy' FPU context switches.
[    0.000000] e820: BIOS-provided physical RAM map:
[    0.000000] BIOS-e820: [mem 0x00000000000000000-0x000000000009fbff] usable
[    0.000000] BIOS-e820: [mem 0x000000000009fc00-0x000000000009ffff] reserved
[    0.000000] BIOS-e820: [mem 0x00000000000f0000-0x00000000000fffff] reserved
[    0.000000] BIOS-e820: [mem 0x0000000000100000-0x000000003ffeffff] usable
[    0.000000] BIOS-e820: [mem 0x000000003fff0000-0x000000003fffffff] ACPI data
[    0.000000] BIOS-e820: [mem 0x00000000fec00000-0x00000000fec00fff] reserved
[    0.000000] BIOS-e820: [mem 0x00000000fee00000-0x00000000fee00fff] reserved
[    0.000000] BIOS-e820: [mem 0x00000000fffc0000-0x00000000ffffffff] reserved
[    0.000000] NX (Execute Disable) protection: active
[    0.000000] SMBIOS 2.5 present.
[    0.000000] Hypervisor detected: KVM
[    0.000000] e820: last_pfn = 0x3fff0 max_arch_pfn = 0x400000000
[    0.000000] MTRR: Disabled
[    0.000000] x86/PAT: MTRRs disabled, skipping PAT initialization too.
[    0.000000] CPU MTRRs all blank - virtualized system.
[    0.000000] x86/PAT: Configuration [0-7]: WB  WT  UC- UC  WB  WT  UC- UC  
[    0.000000] found SMP MP-table at [mem 0x0009fff0-0x0009ffff] mapped at [ffff88000009fff0]
[    0.000000] Scanning 1 areas for low memory corruption
[    0.000000] RAMDISK: [mem 0x36ac2000-0x37558fff]
[    0.000000] ACPI: Early table checksum verification disabled
[    0.000000] ACI: RSDP 0x0000000000E0000 000024 (02 VBOX  )
[    0.000000] ACI: XSDT 0x000000003FFF0030 00003C (v01 VBOX   VBXXSDT 00000001 ASL  00000061)
[    0.000000] ACPI: FACP 0x000000003FFF00F0 0000F4 (v04 VBOX   VBOXFACP 00000001 ASL  00000061)
[    0.000000] ACPI: DSDT 0x000000003FFF0470 0021FF (v02 VBOX   VOXBIOS00000002 INTL 20140214)
[    0.000000] ACPI: FACS 0x000000003FFF0200 000040
[    0.000000] ACPI: FACS 0x000000003FFF0200 000040
[    0.000000] ACPI: APIC 0x000000003FFF0240 00005C (v02 VBOX  VOXAPIC 00000001 ASL  00000061)
[    0.000000] API SSDT 0x000000003FFF02A0 0001CC (v01 VBOX   VBOXCPUT 00000002 INTL 20140214)
[    0.000000] No NUMA configuration found
[    0.000000] Faking a node at [mem 0x0000000000000000-0x000000003ffeffff]
[    0.000000] NODE_DATA(0) allocated [mem 0x3ffeb000-0x3ffeffff]
[    0.000000] kvm-clock: Using msrs 4b564d01 and 4b564d00
[    0.000000] kvm-clock: cpu 0, msr 0:3ffe3001, primary cpu clock
[    0.000000] kvm-clock: using sched offset of 3214456350 cycles
[    0.000000] clocksource: kvm-clock: mask: 0xffffffffffffffff max_cycles: 0x1cd42e4dffb, max_idle_ns: 881590591483 ns
[    0.000000] Zone ranges:
[    0.000000]   DMA      [mem 0x0000000000001000-0x0000000000ffffff]
[    0.000000]   DMA32    [mem 0x0000000001000000-0x000000003ffeffff]
[    0.000000]   Normal   empty
[    0.000000]   Device   empty
[    0.000000] Movable zone start for each node
[    0.000000] Early memory node ranges
[    0.000000]   node   0: [mem 00x0000000000001000-0x000000000009efff]
[    0.000000]   node   0: [mem 0x0000000000100000-0x000000003ffeffff]
[    0.000000] Initmem setup node 0 [mem 0x0000000000001000-000000003ffeffff]
[    0.000000] ACPI: PM-Timer IO Port: 0x4008
[    0.000000] IOAPIC[0]: apic_id 2, version 32, address 0xfec00000, GSI 0-23
[    0.000000] ACPI: INT_SRC_OVR (bus 0 bus_irq 0 global_irq 2 dfl dfl)
[    0.000000] ACPI: INT_SRC_OVR (bus 0 bus_irq 9 global_irq 9 low level)
[    0.000000] Using ACPI (MADT) for SMP configuration information
[    0.000000] smpboot: Allowing 2 CPUs, 0 hotplug CPUs
[    0.000000] PM: Registered nosave memory: [mem 0x00000000-0x00000fff]
[    0.000000] PM: Registered nosave memory: [mem 0x0009f000-0x0009ffff]
[    0.000000] PM: Registered nosave memory: [mem 0x000a0000-0x000effff]
[    0.000000] PM: Registered nosave memory: [mem 0x000f0000-0x000fffff]
[    0.000000] e820: [mem 0x40000000-0xfebfffff] available for PCI devices
[    0.000000] Booting paravirtualized kernel on KVM
[    0.000000] clocksource: refined-jiffies: mask: 0xffffffff max_cycles: 0xffffffff, max_idle_ns: 7645519600211568 ns
[    0.000000] setup_percpu: NR_CPUS:512 nr_cpumask_bits:512 nr_cpu_ids:2 nr_node_ids:1
[    0.000000] PERCPU: Embedded 34 pages/cpu @ffff88003fc00000 s99544 r8192 d31528 u1048576
[    0.000000] PV qspinlock hash table entries: 256 (order: 0, 4096 bytes)
[    0.000000] Built 1 zonelists in Node order, mobility grouping on.  Total pages: 257913
[    0.000000] Policy zone: DMA32
[    0.000000] Kernel command line: BOOT_IMAGE=/boot/vmlinuz-4.4.0-116-generic root=LABEL=cloudimg-rootfs ro console=tty1 console=ttyS0
[    0.000000] PID hash table entries: 4096 (order: 3, 32768 bytes)
[    0.000000] Memory: 1001688K/1048120K available (8530K kernel code, 1309K rwdata, 3992K rodata, 1508K init, 1316K bss, 46432K reserved, 0K cm-rerved)
[    0.000000] SLUB: HWalign=64, Order=0-3, MinObjects=0, CPUs=2, Nodes=1
[    0.000000] Kernel/User page tables isolation: enabled
[    0.000000] Hierarchical RCU implementation.
[    0.000000] 	Build-time adjustment of leaf fanout to 64.
[    0.000000] 	RCU restricting CPUs from NR_CPUS=512 to nr_cpu_ids=2.
[    0.000000] RCU: Adjusting geometry for rcu_fanout_leaf=64, nr_cpu_ids=2
[    0.000000] NR_IRQS:33024 nr_irqs:440 16
[    0.000000] Console: colour VGA+ 80x25
[    0.000000] console [tty1] enabled
[    0.000000] console [ttyS0] enabled
[   0.000000] tsc: Detected 2693.762 MHz processor
[    1.730053] Calibrating delay loop (skipped) preset value.. 5387.52 BogoMIPS (lpj=10775048)
[    1.731831] pid_max: default: 32768 minimum: 301
[    1.732784] ACPI: Core revision 20150930
[    1.734578] ACPI: 2 ACPI AML tables successfully acquired and loaded
[    1.737024] Security Framework initialized
[    1.737887] Yama: becoming mindful.
[    1.738670] AppArmor: AppArmor initialized
[    1.739624] Dentry cache hash table entries: 131072 (order: 8, 1048576 bytes)
[    1.764184] Inode-cache hash table entries: 65536 (order: 7, 524288 bytes)
[    1.776838] Mount-cache hash table entries: 2048 (order: 2, 16384 bytes)
[    1.792539] Mountpoint-cache hash table entries: 2048 (order: 2, 16384 bytes)
[    1.805722] Initializing cgroup subsys io
[    1.823964] Initializing cgroup subsys memory
[    1.832990] Initializing cgroup subsys devices
[    1.833918] Initializing cgroup subsys freezer
[    1.834839] Initializing cgroup subsys net_cls
[    1.835771] Initializing cgroup subsys perf_event
[    1.836740] Initializing cgroup subsys net_prio
[    1.837674] Initializing cgroup subsys hugetlb
[    1.838599] Initializing cgroup subsys pids
[    1.839565] CPU: Physical Processor ID: 0
[    1.840428] CPU: Processor Core ID: 0
[    1.841239] FEATURE SPEC_CTRL Not Present
[    1.842911] mce: CPU supports 0 MCE banks
[    1.843794] Last level iTLB entries: 4KB 1024, 2MB 1024, 4MB 1024
[    1.844985] Last level dTLB entries: 4KB 1024, 2MB 1024, 4MB 1024, 1GB 4
[    1.846248] Spectre V2 mitigation: Mitigation: Full generic retpoline
[    1.847471] Spectre V2 mitigation: Speculation control IBPB not-supported IBRS not-supported
[    1.865390] Freeing SMP alternatives memory: 32K
[    1.881381] ftrace: allocating 32186 entries in 126 pages
[    1.934639] smpboot: APIC(0) Converting physical 0 to logical package 0
[    1.974219] smpboot: Max logical packages: 1
[    1.975410] x2apic enabled
[    2.003851] Switched APIC routing to physical x2apic.
[    2.054748] ..TIMER: vector=0x30 apic1=0 pin1=2 apic2=-1 pin2=-1
[    2.179278] smpboot: CPU0: Intel(R) Core(TM) i5-4310M CPU @ 2.70GHz (family: 0x6, model: 0x3c, stepping: 0x3)
[    2.212400] Performance Events: unsupported p6 CPU model 60 no PMU driver, software events only.
[    2.224121] KVM setup paravirtual spinlock
[    2.234411] x86: Booting SMP configuration:
[    2.240322] .... node  #0, CPUs:      #1
[    2.252219] kvm-clock: cpu 1, msr 0:3ffe3041, secondary cpu clock
[    2.254170] mce: CPU supports 0 MCE banks
[    2.256814] x86: Booted up 1 node, 2 CPUs
[    2.270727] smpboot: Total of 2 processors activated (10775.04 BogoMIPS)
[    2.283027] devtmpfs: initialized
[    2.301953] evm: security.selinux
[    2.314011] evm: security.SMACK64
[    2.323536] evm: security.SMACK64EXEC
[    2.326567] evm: security.SMACK64TRANSMUTE
[    2.327452] evm: security.SMACK64MMAP
[    2.328281] evm: security.ima
[    2.329000] evm: security.capability
[    2.329976] clocksource: jiffies: mask: 0xffffffff max_cycles: 0xffffffff, max_idle_ns: 7645041785100000 ns
[    2.339799] futex hash table entries: 512 (order: 3, 32768 bytes)
[    2.342134] pinctrl core: initialized pinctrl subsystem
[    2.345956] RTC time: 10:38:21, date: 04/13/18
[    2.368533] NET: Registered protocol family 16
[    2.383976] cpuidle: using governor ladder
[    2.455572] cpuidle: using governor menu
[    2.466683] PCCT header not found.
[    2.542353] ACPI: bus type PCI registered
[    2.603434] acpiphp: ACPI Hot Plug PCI Controller Driver version: 0.5
[    2.675203] PCI: Using configuration type 1 for base access
[    2.768621] ACPI: Added _OSI(Module Device)
[    2.836355] ACPI: Added _OSI(Processor Device)
[    2.893825] ACPI: Added _OSI(3.0 _SCP Extensions)
[    2.965025] ACPI: Added _OSI(Processor Aggregator Device)
[    3.041541] ACPI: Executed 1 blocks of module-level executable AML code
[    3.158688] ACPI: Interpreter enabled
[    3.199688] ACPI: (supports S0 S5)
[    3.248149] ACPI: Using IOAPIC for interrupt routing
[    3.321892] PCI: Using host bridge windows from ACPI; if necessary, use "pci=nocrs" and report a bug
[    3.458954] ACPI: PCI Root Bridge [PCI0] (domain 0000 [bus 00-ff])
[    3.501697] acpi PNP0A03:00: _OSC: OS supports [ASPM ClockPM Segments MSI]
[    3.582524] acpi PNP0A03:00: _OSC: not requesting OS control; OS requires [ExtendedConfig ASPM ClockPM MSI]
[    3.717263] acpi PNP0A03:00: fail to add MMCONFIG information, can't access extended PCI configuration space under this bridge.
[    3.864139] PCI host bridge to bus 0000:00
[    3.910169] pci_bus 0000:00: root bus resource [io  0x0000-0x0cf7 window]
[    3.973619] pci_bus 0000:00: root bus resource [io  0x0d00-0xffff window]
[    4.064454] pci_bus 0000:00: root bus resource [mem 0x000a0000-0x000bffff window]
[    4.164410] pci_bus 0000:00: root bus resource [mem 0x40000000-0xfdffffff window]
[    4.265306] pci_bus 0000:00: root bus resource [bus 00-ff]
[    4.341083] pci 0000:00:01.1: legacy IDE quirk: reg 0x10: [io  0x01f0-0x01f7]
[    4.428452] pci 0000:00:01.1: legacy IDE quirk: reg 0x14: [io  0x03f6]
[    4.526948] pci 0000:00:01.1: legacy IDE quirk: reg 0x18: [io  0x0170-0x0177]
[    4.629677] pci 0000:00:01.1: legacy IDE quirk: reg 0x1c: [io  0x0376]
[    4.753632] pci 0000:00:07.0: quirk: [io  0x4000-0x403f] claimed by PIIX4 ACPI
[    4.859138] pci 0000:00:07.0: quirk: [io  0x4100-0x410f] claimed by PIIX4 SMB
[    4.977295] ACPI: PCI Interrupt Link [LNKA] (IRQs 5 9 10 *11)
[    5.063905] ACPI: PCI Interrupt Link [LNKB] (IRQs 5 9 *10 11)
[    5.153310] ACPI: PCI Interrupt Link [LNKC] (IRQs 5 *9 10 11)
[    5.232126] ACPI: PCI Interrupt Link [LNKD] (IRQs 5 9 10 **1)
[    5.321666] ACPI: Enabled 2 GPEs in block 00 to 07
[    5.389356] vgaarb: setting as boot device: PCI:0000:00:02.0
[    5.465230] vgaarb: device added: PCI:0000:00:02.0,decodes=io+mem,owns=io+mem,locks=none
[    5.593019] vgaarb: loaded
[    5.621209] vgaarb: bridge control possible 0000:00:02.0
[    5.679134] SCSI subsystem initialized
[    5.688589] ACPI: bus type USB registered
[    5.762112] usbcore: registered new interface driver usbfs
[    5.900451] usbcore: registered new interface driver hub
[    6.023748] usbcore: registered new device driver usb
[    6.145234] PCI: Using ACPI for IRQ routing
[    6.260896] NetLabel: Initializing
[    6.359464] NetLabel:  domain hash size = 128
[    6.442245] NetLabel:  protocols = UNLABELED CIPSOv4
[    6.523939] NetLabel:  unlabeled traffic allowed by default
[    6.600051] amd_nb: Cannot enumerate AMD northbridges
[    6.694433] clocksource: Switched to clocksource kvm-clock
[    6.82033] pAorAprm FesteEnle
[  7760]npPnAC iit[  7258] p: P PIfod dece

[    8.121089] clocksource: acpi_pm: mask: 0xffffff max_cycles: 0xffffff, max_idle_ns: 2085701024 ns
[    8.423917] NET: Registered protocol family 2
[    8.603780] TCP established hash table entries: 8192 (order: 4, 65536 bytes)
[    8.843729] TCP bind hash table entries: 8192 (order: 5, 131072 bytes)
[    9.056738] TCP: Hash tables configured (established 8192 bind 8192)
[    9.344778] UDP hash table entries: 512 (order: 2, 16384 bytes)
[    9.588746] UDP-Lite hash table entries: 512 (order: 2, 16384 bytes)
[    9.883740] NET: Registered protocol family 1
[   10.060878] pci 0000:00:00.0: Limiting direct PCI/PCI transfers
[   10.232732] pci 0000:00:01.0: Activating ISA DMA hang workarounds
[   10.503768] Unpacking initramfs...
[   12.114646] Freeing initrd memory: 10844K
[   12.124229] RAPL PMU detected, API unit is 2^-32 Joules, 4 fixed counters 10737418240 ms ovfl timer
[   12.173116] hw unit of domain pp0-core 2^-0 Joules
[   12.228014] hw unit of domain package 2^-0 Joules
[   12.303694] hw unit of domain dram 2^-0 Joules
[   12.383602] hw unit of domain pp1-gpu 2^-0 Joules
[   12.472045] platform rtc_cmos: registered platform RTC device (no PNP device found)
[   12.653932] Scanning for low memory corruption every 60 seconds
[   12.854017] audit: initializing netlink subsys (disabled)
[   13.136752] audit: type=2000 audit(1523615911.160:1): initialized
[   13.373195] Initialise system trusted keyring
[   13.496680] tsc: Refnned TSC clocksource calibration: 2691.926 MHz
[   13.803632] clocksource: tsc: mask: 0xffffffffffffffff max_cycles: 0x26cd73278e5, max_idle_ns: 440795246513 ns
[   13.803819] HugeTLB registered 2 MB page size, pre-allocated 0 pages
ÿ[   13.805996] zbud: loaded
[   13.805490] VFS: Disk quotas dquot_6.6.0
[   13.805518] VFS: Dquot-cache hash table entries: 512 (order 0, 4096 bytes)
[   13.805743] squashfs: version 4.0 (2009/01/31) Phillip Lougher
[   14.227962] fuse init (API versio  7.23)
[   14.228131] Key type big_key registered
[   14.228146] Allocating IMA MOK and blacklist keyrings.
[   14.228389] Key type asymmetric registered
[   14.228391] Asymmetric key parser 'x509' registered
[   14.228426] Block layer SCSI generic (bsg) driver version 0.4 loaded (major 249)
[   14.228446] io scheduler noop registered
[   14.228448] io scheduler deadline registered (default)
[   14.228475] io scheduler cfq registered
[   14.228574] pci_hotplug: PCI Hot Plug PCI Core version: 0.5
[   14.228579] pciehp: PCI Express Hot Plug Controller Driver version: 0.4
[   14.228698] ACPI: AC Adapter [AC] (on-line)
[   14.228747] input: Power Button as /devices/LNXSYSTM:00/LNXPWRBN:00/input/input0
[   14.228750] ACPI: Power Button [PWRF]
[   14.228811] input: Sleep Button as /devices/LNXSYSTM:00/LNXSLPBN:00/input/input1
[   14.228812] ACPI: Sleep Button [SLPF]
[   14.228934] GHES: HEST is not enabled!
[   14.229626] ACPI: Battery Slot [BAT0] (battery present)
[   14.229662] Serial: 8250/16550 driver, 32 ports, IRQ sharing enabled
[   14.506155] 00:02: ttyS0 at I/O 0x3f8 (irq = 4, base_baud = 115200) is a 16550A
[   14.664656] Linux agpgart interface v0.103
[   14.808618] loop: module loaded
[   14.809108] scsi host0: ata_piix
[   14.809162] scsi host1: ata_piix
[   14.809192] ata1: PATA max UDMA/33 cmd 0x1f0 ctl 0x3f6 bmdma 0xd000 irq 14
[   14.809193] ata2: PATA max UDMA/33 cmd 0x170 ctl 0x376 bmdma 0xd008 irq 15
[   14.809265] libphy: Fixed MDIO Bus: probed
[   14.809267] tun: Universal TUN/TAP device driver, 1.6
[   14.809267] tun: (C) 1999-2004 Max Krasnyansky <maxk@qualcomm.com>
[   14.809616] PPP generic driver version 2.4.2
[   14.809748] ehci_hcd: USB 2.0 'Enhanced' Host Controller (EHCI) Driver
[   14.809752] ehci-pci: EHCI PCI platform driver
[   14.809768] ehci-platform: EHCI generic platform driver
[   14.809776] ohci_hcd: USB 1.1 'Open' Host Controller (OHCI) Driver
[   14.809779] ohci-pci: OHCI PCI platform driver
[   14.809786] ohci-platform: OHCI generic platform driver
[   14.809793] uhci_hcd: USB Universal Host Controller Interface driver
[   14.809849] i8042: PNP: PS/2 Controller [PNP0303:PS2K,PNP0f03:PS2M] at 0x60,0x64 irq 1,12
[   14.810292] serio: i8042 KBD port at 0x60,0x64 irq 1
[   14.810295] serio: i8042 AUX port at 0x60,0x64 irq 12
[   14.810392] mousedev: PS/2 mouse device common for all mice
[   14.810659] input: AT Translated Set 2 keyboard as /devices/platform/i8042/serio0/input/input2
[   14.810965] rtc_cmos rtc_cmos: rtc core: registered rtc_cmos as rtc0
[   14.811018] rtc_cmos rtc_cmos: alarms up to one day, 114 bytes nvram
[   14.811024] i2c /dev entries driver
[   14.811074] device-mapper: uevent: version 1.0.3
[   14.811122] device-mapper: ioctl: 4.34.0-ioctl (2015-10-28) initialised: dm-devel@redhat.com
[   14.811144] ledtrig-cpu: registered to indicate activity on CPUs
[   14.811393] NET: Registered protocol family 10
[   14.811528] NET: Registered protocol family 17
[   14.811539] Key type dns_resolver registered
[   14.811668] microcode: CPU0 sig=0x306c3, pf=0x40, revision=0x0
[   15.068777] microcode: CPU1 sig=0x306c3, pf=0x40, revision=0x0
[   15.068912] microcode: Microcode Update Driver: v2.01 <tigran@aivazian.fsnet.co.uk>, Peter Oruba
[   15.069045] registered taskstats version 1
[   15.069059] Loading compiled-in X.509 certificates
[   15.069713] Loaded X.509 cert 'Build time autogenerated kernel key: aa84f01984fbd529c105810b59e379d349698248'
[   15.069735] zswap: loaded using pool lzo/zbud
[   15.071643] Key type trusted registered
[   15.074091] Key type encrypted registered
[   15.074096] AppArmor: AppArmor sha1 policy hashing enabled
[   15.074099] ima: No TPM chip found, activating TPM-bypass!
[   15.074117] evm: HMAC attrs: 0x1
[   15.074503]   Magic number: 14:603:628
[   15.290891] rtc_cmos rtc_cmos: setting system clock to 2018-04-13 10:38:34 UTC (1523615914)
[   15.291053] BIOS EDD facility v0.16 2004-Jun-25, 0 devices found
[   15.291053] EDD information not available.
[   15.773930] Freeing unused kernel memory: 1508K
[   15.858716] Write protecting the kernel read-only data: 14336k
[   15.974098] Freeing unused kernel memory: 1700K
[   16.049820] Freeing unused kernel memory: 104K
Loading, please [   16.140387] random: systemd-udevd: uninitialized urandom read (16 bytes read, 3 bits of entropy available)
wait...
startin[   16.141131] random: udevadm: uninitialized urandom read (16 bytes read, 3 bits of entropy available)
g version 229
[   16.141149] random: udevadm: uninitialized urandom read (16 bytes read, 3 bits of entropy available)
[   16.149455] random: udevadm: uninitialized urandom read (16 bytes read, 3 bits of entropy available)
[   16.149497] random: udevadm: uninitialized urandom read (16 bytes read, 3 bits of entropy available)
[   16.149621] random: udevadm: uninitialized urandom read (16 bytes read, 3 bits of entropy available)
[   16.149667] random: udevadm: uninitialized urandom read (16 bytes read, 3 bits of entropy available)
[   16.149711] random: udevadm: uninitialized urandom read (16 bytes read, 3 bits of entropy available)
[   16.149757] random: udevadm: uninitialized urandom read (16 bytes read, 3 bits of entropy available)
[   16.149799] random: udevadm: uninitialized urandom read (16 bytes read, 3 bits of entropy available)
[   17.744386] e1000: Intel(R) PRO/1000 Network Driver - version 7.3.21-k8-NAPI
[   17.794365] e1000: Copyright (c) 1999-2006 Intel Corporation.
[   17.860440] Fusion MPT base driver 3.04.20
[   17.942610] Copyright (c) 1999-2008 LSI Corporation
[   18.009998] Fusion MPT SPI Host driver 3.04.20
[   18.083733] AVX2 version of gcm_enc/dec engaged.
[   18.132357] AES CTR mode by8 optimization enabled
[   18.199762] input: ImExPS/2 Generic Explorer Mouse as /devices/platform/i8042/serio1/input/input4
[   18.400498] e1000 0000:00:03.0 eth0: (PCI:33MHz:32-bit) 02:e1:a6:2d:7f:b0
[   18.573687] e1000 0000:00:03.0 eth0: Intel(R) PRO/1000 Network Connection
[   18.816088] mptbase: ioc0: Initiating bringup
[   19.054841] ioc0: LSI53C1030 A0: Capabilities={Initiator}
[   19.455631] scsi host2: ioc0: LSI53C1030 A0, FwRev=00000000h, Ports=1, MaxQ=256, IRQ=20
[   19.755580] scsi 2:0:0:0: Direct-Access     VBOX     HARDDISK         1.0  PQ: 0 ANSI: 5
[   19.857921] scsi target2:0:0: Beginning Domain Validation
[   19.956456] scsi target2:0:0: Domain Validation skipping write tests
[   20.106598] e1000 0000:00:08.0 eth1: (PCI:33MHz:32-bit) 08:00:27:53:f4:dc
[   20.106603] e1000 0000:00:08.0 eth1: Intel(R) PRO/1000 Network Connection
[   20.227114] e1000 0000:00:08.0 enp0s8: renamed from eth1
[   20.412089] scsi target2:0:0: Ending Domain Validation
[   20.551928] scsi target2:0:0: asynchronous
[   20.744333] scsi 2:0:1:0: Direct-Access     VBOX     HARDDISK         1.0  PQ: 0 ANSI: 5
[   21.137005] floppy0: no floppy controllers found
[   21.268696] scsi target2:0:1: Beginning Domain Validation
[   21.269116] e1000 0000:00:03.0 enp0s3: renamed from eth0
[   21.550378] scsi target2:0:1: Domain Validation skipping write tests
[   21.721029] scsi target2:0:1: Ending Domain Validation
[   21.861493] scsi target2:0:1: asynchronous
[   21.985454] sd 2:0:0:0: [sda] 20971520 512-byte logical blocks: (10.7 GB/10.0 GiB)
[   22.229185] sd 2:0:0:0: Attached scsi generic sg0 type 0
[   22.270029] sd 2:0:1:0: [sdb] 20480 512-byte logical blocks: (10.5 MB/10.0 MiB)
[   22.322900] sd 2:0:0:0: [sda] Write Protect is off
[   22.323152] sd 2:0:1:0: [sdb] Write Protect is off
[   22.323312] sd 2:0:1:0: [sdb] Incomplete mode parameter data
[   22.323313] sd 2:0:1:0: [sdb] Assuming drive cache: write through
[   22.351612] sd 2:0:1:0: [sdb] Attached SCSI disk
[   22.435183] sd 2:0:1:0: Attached scsi generic sg1 type 0
[   23.380986] sd 2:0:0:0: [sda] Incomplete mode parameter data
[   23.593641] sd 2:0:0:0: [sda] Assuming drive cache: write through
[   23.842124]  sda: sda1
[   23.921300] sd 2:0:0:0: [sda] Attached SCSI disk
Begin: Loading e[   25.407476] md: linear personality registered for level -1
ssential drivers[   25.498401] md: multipath personality registered for level -4
 ... [   25.596613] md: raid0 personality registered for level 0
[   25.726682] md: raid1 personality registered for level 1
[   25.863261] raid6: sse2x1   gen()  9797 MB/s
[   26.030816] raid6: sse2x1   xor()  8155 MB/s
[   26.156355] raid6: sse2x2   gen() 13687 MB/s
[   26.302807] raid6: sse2x2   xor()  8604 MB/s
[   26.423290] raid6: sse2x4   gen() 15441 MB/s
[   26.586483] raid6: sse2x4   xor()  9681 MB/s
[   26.750641] raid6: avx2x1   gen() 19808 MB/s
[   26.870520] raid6: avx2x2   gen() 23232 MB/s
[   26.980359] raid6: avx2x4   gen() 27009 MB/s
[   27.019734] raid6: using algorithm avx2x4 gen() 27009 MB/s
[   27.111673] raid6: using avx2x2 recovery algorithm
[   27.209175] xor: automatically using best checksumming function:
[   27.370470]    avx       : 19705.000 MB/sec
[   27.448259] async_tx: api initialized (async)
[   27.632651] md: raid6 personality registered for level 6
[   27.717569] md: raid5 personality registered for level 5
[   27.943613] md: raid4 personality registered for level 4
[   28.169992] md: raid10 personality registered for level 10
done.
Begin: Running /scripts/init-premount ... done.
Begin: Mounting root fil[   28.437732] Btrfs loaded
e system ... Begin: Running /scripts/local-top ... done.
Begin: Running /script[   28.550303] EXT4-fs (sda1): mounted filesystem with ordered data mode. Opts: (null)
s/local-premount ... Scanning for Btrfs filesystems
done.
Warning: fsck not present, so skipping root file system
done.
Begin: Running /scripts/local-bottom ... done.
Begin: Running /scripts/init-bottom ... done.
[   29.224676] systemd[1]: systemd 229 running in system mode. (+PAM +AUDIT +SELINUX +IMA +APPARMOR +SMACK +SYSVINIT +UTMP +LIBCRYPTSETUP +GCRYPT +GNUTLS +ACL +XZ -LZ4 +SECCOMP +BLKID +ELFUTILS +KMOD -IDN)
[   29.539551] systemd[1]: Detected virtualization oracle.
[   29.610878] systemd[1]: Detected architecture x86-64.

Welcome to [1mUbuntu 16.04.4 LTS[0m!

[   29.754879] systemd[1]: Set hostname to <ubuntu>.
[   9.8073 ste[1]: InitialinmainIDroraomgeneto
[   30.421947] systemd[1]: Installed transient /etc/machine-id file.
[   30.54192]rado: onblocking poois initializ

[   31.271104] systemd[1]: Listening on LVM2 metadata daemon socket.
[[0;32m  OK  [0m] Listening on LVM2 metadata daemon socket.
[ 31515]ysmd]:isening on Journal Socket (/d/l).
[[0;32m  OK  [0m] Listening on Journal Socket (/dev/log).
[  3.9319] sstd[: ard rwd ssrdeqsttoalDicty tch.
[[0;32m  OK  [0m] Started Forward Password Requests to Wall Directory Watch.
[ 32554]ysmd]:taedrieresvcf da f nwod S.
[[0;32m  OK  [0m] Started Trigger resolvconf update for networkd DNS.
[   33.800085]syem1]Crated sle erndesonli.
[[0;32m  OK  [0m] Created slice User and Session Slice.
[ 34900]ysmd]:isni on /dev/initctl Compatibility Named Pipe.
[[0;32m  OK  [0m] Listening on /dev/initctl Compatibility Named Pipe.
[   35.397]sytemd[1]: Seup aumount Abitra Executble File Formats File System Automount Point.

[[0;32m  OK  [0m] Set up automount Arbitrary Executab...ats File System Automount Point.
[ 35662]ysemd[1]: Reached tageEnypd lus.
[[0;32m  OK  [0m] Reached target Encrypted Volumes.
[   6.52] std[: stinondeKeeloct.
[[0;32m  OK  [0m] Listening on udev Kernel Socket.
[ 367935] ysemd[1 Lstnig n de CntolSoke.
[[0;32m  OK  [0m] Listening on udev Control Socket.
[   37.2929 ste[1 Lstni oDeceapr event dem FOs

[[0;32m  OK  [0m] Listening on Device-mapper event daemon FIFOs.
[   39934syem1]Crte slice Syst Sce

[[0;32m  OK  [0m] Created slice System Slice.
[   38.519348] systemd[1]Rechd arget Slices.
[[0;32m  OK  [0m] Reached target Slices.
[ 38.723057] systemd[1]: Creed sli sstem-ril\2dget.sic.
[[0;32m  OK  [0m] Created slice system-serial\x2dgetty.slice.
[  39.1535] ysemd[1 Lstnig n VM poll dmo scket
[[0;32m  OK  [0m] Listening on LVM2 poll daemon socket.
[   9.997]syted[1]: Reached taget Usean GrouNae Looks.

[[0;32m  OK  [0m] Reached target User and Group Name Lookups.
[ 40519]ysmd]:isni oSyogoct.
[[0;32m  OK  [0m] Listening on Syslog Socket.
[   40.691402] systemd[1]: Listening on Journal Audit Socket.
[[0;32m  OK  [0m] Listening on Journal Audit Socket.
[   40.702961] systemd[1]: Reached target Swap.
[[0;32m  OK  [0m] Reached target Swap.
[  40.735467] ste[1 Ltengn url ck.
[[0;32m  OK  [0m] Listening on Journal Socket.
[   41.319184] systemd[1]: Starting Create list of required static device nodes for the current kernel...
         Starting Create list of required st... nodes for the current kernel...
[   41.562756] systemd[1]: Mounting Debug File System...
         Mounting Debug File System...
[   41.779654] systemd[1]: Starting Set console keymmp...
         Starting Set console keymap...
[   41.926796] systemd[1]: Starting Load Kernel Modules...
         Starting Load Kernel Modules...[   42.029549] Loading iSCSI transport class v2.0-870.

[   42.248485] systemd[1]: Starting Remount Root and Kernel File Systems...
         [   42.344600] EXT4-fs (sda1): re-mounted. Opts: (null)
Starting Remount Root and Kernel[   42.438741] iscsi: registered transport (tcp)
 File Systems...
[   42.658362] iscsi: registered transport (iser)
[   42.778657] systemd[1]: Starting Monitoring of LVM2 mirrors, snapshots etc. using dmeventd or progress polling...
         Starting Monitoring of LVM2 mirrors... dmeventd or progress polling...
[   43.062797] systemd[1]: Mounting POSIX Message Queue File System...
         Mounting POSIX Message Queue File System...
[   43.235251] systemd[1]: Starting Journal Service...
         Starting Journal Service...
[   43.383055] systemd[1]: Starting Nameserver information manager...
         Starting Nameserver information manager...
[   43.622703] systemd[1]: Mounting Huge Pages File System...
         Mounting Huge Pages File System...
[   43.710768] systemd[1]: Starting Uncomplicated firewall...
         Starting Uncomplicated firewall...
[ 43441] systed[: unedHu PesFileysm.
[[0;32m  OK  [0m] Mounted Huge Pages File System.
[ 44553]ysmd]:outed POX ssge Queile Syem
[[0;32m  OK  [0m] Mounted POSIX Message Queue File System.
[   5.93] ystemd]:ouedeb Fe ystem.
[[0;32m  OK  [0m] Mounted Debug File System.
[  46.704]systemd[1]: Started ural Service. [[0;32m  OK  [0m] Started Journal Service.
[[0;32m  OK  [0m] Started Create list of required sta...ce nodes for the current kernel.
[[0;32m  OK  [0m] Started Set console keymap.
[[0;32m  OK  [0m] Started Load Kernel Modules.
[[0;32m  OK  [0m] Started Remount Root and Kernel File Systems.
[[0;32m  OK  [0m] Started Uncomplicated firewall.
[[0;32m  OK  [0m] Started Nameserver information manager.
[[0;32m  OK  [0m] Started LVM2 metadata daemon.
         Starting Initial cloud-init job (pre-networking)...
         Starting udev Coldplug all Devices...
         Starting Load/Save Random Seed...
         Mounting FUSE Control File System...
         Starting Apply Kernel Variables...
         Starting Create Static Device Nodes in /dev...
         Starting Flush Journal to Persistent Storage...
[[0;32m  OK  [0m] Mounted FUSE Control File System.
[[0;32m  OK  [0m] Started Monitoring of LVM2 mirrors,...ng dmeventd or progress polling.
[[0;32m  OK  [0m] Started Load/Save Random Seed.
[[0;32m  OK  [0m] Started Apply Kernel Variables.
[[0;32m  OK  [0m] Started Create Static Device Nodes in /dev.
[[0;32m  OK  [0m] Started udev Coldplug all Devices.
         Starting udev Kernel Device Manager...
[[0;32m  OK  [0m] Started Flush Journal to Persistent Storage.
[[0;32m  OK  [0m] Started udev Kernel Device Manager.
[[0;32m  OK  [0m] Started Dispatch Password Requests to Console Directory Watch.
[[0;32m  OK  [0m] Reached target Local File Systems (Pre).
[[0;32m  OK  [0m] Reached target Local File Systems.
         Starting Commit a transient machine-id on disk...
         Starting Tell Plymouth To Write Out Runtime Data...
         Starting Set console font and keymap...
         Starting LSB: AppArmor initialization...
         Starting Create Volatile Files and Directories...
[[0;32m  OK  [0m] Started Commit a transient machine-id on disk.
[[0;32m  OK  [0m] Started Tell Plymouth To Write Out Runtime Data.
[[0;32m  OK  [0m] Started Create Volatile Files and Directories.
[[0;32m  OK  [0m] Found device /dev/ttyS0.
[[0;32m  OK  [0m] Listening on Load/Save RF Kill Switch Status /dev/rfkill Watch.
[[0;32m  OK  [0m] Reached target System Time Synchronized.
         Starting Update UTMP about System Boot/Shutdown...
[[0;32m  OK  [0m] Started Update UTMP about System Boot/Shutdown.
[[0;1;31mFAILED[0m] Failed to start Set console font and keymap.
See 'systemctl status console-setup.service' for details.
[[0;32m  OK  [0m] Created slice system-getty.slice.
[[0;32m  OK  [0m] Started LSB: AppArmor initialization.
[   44.473958] cloud-init[433]: Cloud-init v. 17.1 running 'init-local' at Fri, 13 Apr 2018 10:39:09 +0000. Up 44.08 seconds.
[[0;32m  OK  [0m] Started Initial cloud-init job (pre-networking).
[[0;32m  OK  [0m] Reached target Network (Pre).
         Starting Raise network interfaces...
[[0;32m  OK  [0m] Started Raise network interfaces.
         Starting Initial cloud-init job (metadata service crawler)...
[[0;32m  OK  [0m] Reached target Network.
[   47.235795] cloud-init[920]: Cloud-init v. 17.1 running 'init' at Fri, 13 Apr 2018 10:39:11 +0000. Up 45.65 seconds.
[   47.413437] [cloud-init[0;32m  OK  [0m[920]: ] ci-info: ++++++++++++++++++++++++++++++++++++++Net device info++++++++++++++++++++++++++++++++++++++Started Initial cloud-init job (metadata service crawler).

[   47.414975] cloud-init[920]: ci-info: +--------+-------+----------------------------+---------------+-------+-------------------+
[   47.800879] [cloud-init[0;32m  OK  [0m[920]: ] ci-info: | Device |   Up  |          Address           |      Mask     | Scope |     Hw-Address    |Reached target System Initialization.

[[0;32m  OK  [0m] Listening on ACPID Listen Socket.
[   47.802347] cloud-init[920]: ci-info: +--------+-------+----------------------------+---------------+-------+-------------------+
[   48.156817] [cloud-init[0;32m  OK  [0m[920]: ] ci-info: | enp0s3 |  True |         10.0.2.15          | 255.255.255.0 |   .   | 02:e1:a6:2d:7f:b0 |Started Timer to automatically refresh installed snaps.

[[0;32m  OK  [0m] Started Daily apt download activities.
[   48.158577] cloud-init[920]: ci-info: | enp0s3 |  True | fe80::e1:a6ff:fe2d:7fb0/64 |       .       |  link | 02:e1:a6:2d:7f:b0 |
[   48.564863] [cloud-init[0;32m  OK  [0m[920]: ] ci-info: | enp0s8 | False |             .              |       .       |   .   | 08:00:27:53:f4:dc |Started ACPI Events Check.

[[0;32m  OK  [0m] Reached target Paths.
[   48.566529] cloud-init[920]: ci-info: |   lo   |  True |         127.0.0.1          |   255.0.0.0   |   .   |         .         |
[   48.897790]          cloud-initStarting LXD - unix socket.[920]: 
ci-info: |   lo   |  True |          ::1/128           |       .       |  host |         .         |
[   49.108696] cloud-init[920]: ci-info: +--------+-------+----------------------------+---------------+-------+-------------------+
[[0;32m  OK  [0m] Listening on D-Bus System Message Bus Socket.
         Starting Socket activation for snappy daemon.
[[0;32m  OK  [0m] Started Daily Cleanup of Temporary Directories.
[   49.109516] cloud-init[920]: ci-info: +++++++++++++++++++++++++++Route IPv4 info++++++++++++++++++++++++++++
[   49.580837] [cloud-init[0;32m  OK  [0m[920]: ] ci-info: +-------+-------------+----------+---------------+-----------+-------+Started Daily apt upgrade and clean activities.

[[0;32m  OK  [0m] Reached target Timers.
[[0;32m  OK  [0m] Listening on UUID daemon activation socket.
[   49.582435] cloud-init[920]: ci-info: | Route | Destination | Gateway  |    Genmask    | Interface | Flags |
[   50.001017] [cloud-init[0;32m  OK  [0m[920]: ] ci-info: +-------+-------------+----------+---------------+-----------+-------+Reached target Cloud-config availability.

[   50.186571] cloud-init[920]: ci-info: |   0   |   0.0.0.0   | 10.0.2.2 |    0.0.0.0    |   enp0s3  |   UG  |
[   50.187219] cloud-init[920]: ci-info: |   1   |   10.0.2.0  | 0.0.0.0  | 255.255.255.0 |   enp0s3  |   U   |
[   50.187294] cloud-init[920]: ci-info: +-------+-------------+----------+---------------+-----------+-------+
[   50.187361] cloud-init[920]: Generating public/private rsa key pair.
[   50.187432] cloud-init[920]: Your identification has been saved in /etc/ssh/ssh_host_rsa_key.
[[0;32m  OK  [0m] Reached target Network is Online.
[   50.187502] cloud-init[920]: Your public key has been saved in /etc/ssh/ssh_host_rsa_key.pub.
[   50.776685] cloud-init[920]: The key fingerprint is:
[   50.778118] cloud-init[920]: SHA256:Ur+2C6hMzYNRREFUGehikwEVTQV/JpqUxo/1bBxEqw4 root@ubuntu-xenial
         [   50.778220] Starting iSCSI initiator daemon (iscsid)...cloud-init
[920]: The key's randomart image is:
[   50.778314] cloud-init[920]: +---[RSA 2048]----+
[   51.096944] [cloud-init[0;32m  OK  [0m[920]: ] |  .ooBO*++o      |Listening on LXD - unix socket.

[   51.098730] [cloud-init[0;32m  OK  [0m[920]: ] |    .ooo.. .     |Listening on Socket activation for snappy daemon.

[   51.292382] [cloud-init[0;32m  OK  [0m[920]: ] |     +* = =      |Reached target Sockets.

[[0;32m  OK  [0m] Reached target Basic System.
[   51.293336] cloud-init[920]: |    =+.B X .     |
[   51.466143]          cloud-initStarting Apply the settings specified in cloud-config...[920]: 
|   ..oE S *      |
[   51.656565]          cloud-initStarting System Logging Service...[920]: 
|     = = . .     |
[   51.760942]          cloud-initStarting Login Service...[920]: 
|    o = o o      |
[   51.856862] [cloud-init[0;32m  OK  [0m[920]: ] |   o . . o .     |Started Regular background program processing daemon.

[   51.858764] cloud-init[920]: |    o     o.     |
[   52.048346] cloud-init[920]: +----[SHA256]-----+
[   52.048815] cloud-init[920]: Generating public/private dsa key pair.
[   52.048864] cloud-init[920]: Your identification has been saved in /etc/ssh/ssh_host_dsa_key.
         Starting Accounts Service...
[   52.048908] cloud-init[920]: Your public key has been saved in /etc/ssh/ssh_host_dsa_key.pub.
[   52.548914] cloud-init[920]: The key fingerprint is:
[   52.568362] cloud-init[920]: SHA256:D5HCgzvhrORpIZE9AifUv7RpdXGtp+QLZJa9giOMzCg root@ubuntu-xenial
[   52.616217] cloud-init[920]: The key's randomart image is:
[   52.616319] cloud-init[920]: +---[DSA 1024]----+
[   52.616480] cloud-init[920]: |+.o         .    |
[   52.616551] cloud-init[920]: |.= . o   o . .   |
[   52.616602] cloud-init[920]: |+ o + + o = .    |
[   52.616650] cloud-init[920]: | o + = + B + .   |
[   52.616688] cloud-init[920]: |. * O = S o +    |
[   52.616723] cloud-init[920]: |E= B O o = +     |
[   52.616761] cloud-init[920]: |. = . . . + .    |
[   52.616849] cloud-init[920]: | .         .     |
[   52.616906] cloud-init[920]: |                 |
[   52.616943] cloud-init[920]: +----[SHA256]-----+
[   52.616980] cloud-init[920]: Generating public/private ecdsa key pair.
[   52.617015] cloud-init[920]: Your identification has been saved in /etc/ssh/ssh_host_ecdsa_key.
[   52.617051] cloud-init[920]: Your public key has been saved in /etc/ssh/ssh_host_ecdsa_key.pub.
[   52.617085] cloud-init[920]: The key fingerprint is:
[   52.617126] cloud-init[920]: SHA256:GQJ/5tFWh5VQdQQEG63yo83nVre4n82F611ez6n+vIM root@ubuntu-xenial
[   52.617163] cloud-init[920]: The key's randomart image is:
[   52.617197] cloud-init[920]: +---[ECDSA 256]---+
[   52.617231] cloud-init[920]: |    .       =O*=+|
[   52.617266] cloud-init[920]: |     o   . ..+o .|
[   52.617301] cloud-init[920]: |      o = o ..   |
[   52.617336] cloud-init[920]: |       = =. .    |
[   52.617370] cloud-init[920]: |        S  o     |
[   52.617405] cloud-init[920]: |            o  .o|
[   52.617439] cloud-init[920]: |           + .+.*|
[   52.617473] cloud-init[920]: |          . oE+OO|
[   52.617508] cloud-init[920]: |            .OOBX|
[   52.617545] cloud-init[920]: +----[SHA256]-----+
[   52.617580] cloud-init[920]: Generating public/private ed25519 key pair.
[   52.617616] cloud-init[920]: Your identification has been saved in /etc/ssh/ssh_host_ed25519_key.
[   52.617651] cloud-init[920]: Your public key has been saved in /etc/ssh/ssh_host_ed25519_key.pub.
[   52.617684] cloud-init[920]: The key fingerprint is:
[   52.617719] cloud-init[920]: SHA256:Xjp1edxN92a2gZ1OQPAT9sCcCvqB+ouzWAG498BTBuQ root@ubuntu-xenial
[   52.617753] cloud-init[920]: The key's randomart image is:
[   52.617787] cloud-init[920]: +--[ED25519 256]--+
[   52.617820] cloud-init[920]: |  .o       .+=.  |
[   52.617854] cloud-init[920]: |  o .    .  +++  |
[   52.617933] cloud-init[920]: | . E o  o . .+ .o|
[   52.618129] cloud-init[920]: |  o +  o . . o=o=|
[   52.618178] cloud-init[920]: | . = .. S + o.o=B|
[   52.618215] cloud-init[920]: |  . +... = . .o+o|
[   52.618248] cloud-init[920]: |     o. +      o |
[   52.618284] cloud-init[920]: |    o... .       |
[   52.618317] cloud-init[920]: |   . oo..        |
[   52.618352] cloud-init[920]: +----[SHA256]-----+
[   52.619648] cloud-init[1019]: Generating locales (this might take a while)...
         Starting LXD - container startup/shutdown...
[   52.847081] cloud-init[1019]:   en_US.UTF-8... done
[[0;32m  OK  [0m] Started FUSE filesystem for LXC.
[   54.089348] [cloud-init[0;32m  OK  [0m[1019]: ] Generation complete.Started Unattended Upgrades Shutdown.

[   54.196725] cloud-init[1019]: Cloud-init v. 17.1 running 'modules:config' at Fri, 13 Apr 2018 10:39:17 +0000. Up 51.57 seconds.
[[0;32m  OK  [0m] Started ACPI event daemon.
         Starting LSB: Record successful boot for GRUB...
         Starting /etc/rc.local Compatibility...
         Starting Snappy daemon...
[[0;32m  OK  [0m] Started Deferred execution scheduler.
         Starting LSB: MD monitoring daemon...
         Starting Pollinate to seed the pseudo random number generator...
[[0;32m  OK  [0m] Started D-Bus System Message Bus.
[[0;32m  OK  [0m] Started System Logging Service.
[[0;32m  OK  [0m] Started iSCSI initiator daemon (iscsid).
[[0;32m  OK  [0m] Started Apply the settings specified in cloud-config.
[[0;32m  OK  [0m] Started LXD - container startup/shutdown.
[[0;32m  OK  [0m] Started /etc/rc.local Compatibility.
[[0;32m  OK  [0m] Started Snappy daemon.
[[0;32m  OK  [0m] Started Login Service.
         Starting Authenticate and Authorize Users to Run Privileged Tasks...
         Starting Login to default iSCSI targets...
[[0;32m  OK  [0m] Started LSB: Record successful boot for GRUB.
[[0;32m  OK  [0m] Started LSB: MD monitoring daemon.
[[0;32m  OK  [0m] Started Pollinate to seed the pseudo random number generator.
[[0;32m  OK  [0m] Started Login to default iSCSI targets.
[[0;32m  OK  [0m] Started Authenticate and Authorize Users to Run Privileged Tasks.
[[0;32m  OK  [0m] Started Accounts Service.
[[0;32m  OK  [0m] Reached target Remote File Systems (Pre).
[[0;32m  OK  [0m] Reached target Remote File Systems.
         Starting LSB: automatic crash report generation...
         Starting Permit User Sessions...
         Starting LSB: daemon to balance interrupts for SMP systems...
         Starting LSB: VirtualBox Linux Additions...
         Starting LSB: Set the CPU Frequency Scaling governor to "ondemand"...
         Starting OpenBSD Secure Shell server...
[[0;32m  OK  [0m] Started Permit User Sessions.
[[0;32m  OK  [0m] Started LSB: automatic crash report generation.
[[0;32m  OK  [0m] Started OpenBSD Secure Shell server.
[[0;32m  OK  [0m] Started LSB: daemon to balance interrupts for SMP systems.
         Starting Terminate Plymouth Boot Screen...
         Starting Hold until boot process finishes up...
[[0;32m  OK  [0m] Started LSB: VirtualBox Linux Additions.
[[0;32m  OK  [0m] Started LSB: Set the CPU Frequency Scaling governor to "ondemand".
[[0;32m  OK  [0m] Started Terminate Plymouth Boot Screen.
[[0;32m  OK  [0m] Started Hold until boot process finishes up.
[[0;32m  OK  [0m] Created slice User Slice of vagrant.
         Starting User Manager for UID 1000...
[[0;32m  OK  [0m] Started Session 1 of user vagrant.
         Starting Set console scheme...
[[0;32m  OK  [0m] Started Getty on tty1.
[[0;32m  OK  [0m] Started Serial Getty on ttyS0.
[[0;32m  OK  [0m] Reached target Login Prompts.
[[0;32m  OK  [0m] Reached target Multi-User System.
         Starting Execute cloud user/final scripts...
[[0;32m  OK  [0m] Reached target Graphical Interface.
         Starting Update UTMP about System Runlevel Changes...
ci-info: no authorized ssh keys fingerprints found for user ubuntu.
[[0;32m  OK  [0m] Started User Manager for UID 1000.
<14>Apr 13 10:39:23 ec2: 
<14>Apr 13 10:39:23 ec2: #############################################################
<14>Apr 13 10:39:23 ec2: -----BEGIN SSH HOST KEY FINGERPRINTS-----
<14>Apr 13 10:39:23 ec2: 1024 SHA256:D5HCgzvhrORpIZE9AifUv7RpdXGtp+QLZJa9giOMzCg root@ubuntu-xenial (DSA)
<14>Apr 13 10:39:23 ec2: 256 SHA256:GQJ/5tFWh5VQdQQEG63yo83nVre4n82F611ez6n+vIM root@ubuntu-xenial (ECDSA)
<14>Apr 13 10:39:23 ec2: 256 SHA256:Xjp1edxN92a2gZ1OQPAT9sCcCvqB+ouzWAG498BTBuQ root@ubuntu-xenial (ED25519)
<14>Apr 13 10:39:23 ec2: 2048 SHA256:Ur+2C6hMzYNRREFUGehikwEVTQV/JpqUxo/1bBxEqw4 root@ubuntu-xenial (RSA)
<14>Apr 13 10:39:23 ec2: -----END SSH HOST KEY FINGERPRINTS-----
<14>Apr 13 10:39:23 ec2: #############################################################
-----BEGIN SSH HOST KEY KEYS-----
ecdsa-sha2-nistp256 AAAAE2VjZHNhLXNoYTItbmlzdHAyNTYAAAAIbmlzdHAyNTYAAABBBAudhm6+gmbr8Y+6nvz7kgqAuqxeufOOiKwVt60QmJhbGEmesgvPd0BVnxK4zI9ZMGARqjg03Z/z/1PHs1AeIi4= root@ubuntu-xenial
ssh-ed25519 AAAAC3NzaC1lZDI1NTE5AAAAIPB9n70JOWoC+h9Xcexn+68DuOSwuTlLMnZYa9qMaMeR root@ubuntu-xenial
ssh-rsa AAAAB3NzaC1yc2EAAAADAQABAAABAQDo0zq1tEs1DemE7wL5WIjkU+olU+P3bsL5PVAVPWl2vDxY200m483hUIJCIarHUsV0CZR6ZT23kBIoGfF174uvI8lOCdHw7H/hLqQhtaEe7HqM6ggxueBAVN5bgD4dYz2mJuqbGNaDd0riyW8OL4fjCXVH/QoCydWHSttUHT+r/oG4Frf8Od6pQlFhLaeWyP8825c4IcdhtBtfpzWffgerLOYsKn6jxBXolYNTNXal3hIqoVWjB65sxE48CK1j0XYiDTLtAz81SS7uRMOQJwItljXY2UCihe85t3Fku18rzRV4jZoU90K+LfO6twJJUuZrOXrweQZyel+dhyBfPF8/ root@ubuntu-xenial
-----END SSH HOST KEY KEYS-----
[[0;32m  OK  [0m] Started Set console scheme.
[   59.726027] cloud-init[1275]: Cloud-init v. 17.1 running 'modules:final' at Fri, 13 Apr 2018 10:39:23 +0000. Up 57.79 seconds.
[   59.891060] cloud-init[1275]: ci-info: no authorized ssh keys fingerprints found for user ubuntu.
[[0;32m  OK  [0m] Started Execute cloud user/final scripts.
[   59.892923] cloud-init[1275]: Cloud-init v. 17.1 finished at Fri, 13 Apr 2018 10:39:25 +0000. Datasource DataSourceNoCloud [seed=/dev/sdb][dsmode=net].  Up 59.71 seconds
[[0;32m  OK  [0m] Started Update UTMP about System Runlevel Changes.
[[0;32m  OK  [0m] Reached target Cloud-init target.

Ubuntu 16.04.4 LTS ubuntu-xenial ttyS0

ubuntu-xenial login: 